Connecting to database specified by database.yml
Connecting to database specified by database.yml
Connecting to database specified by database.yml
  [1m[36m (0.1ms)[0m  [1mselect sqlite_version(*)[0m
  [1m[35m (104.1ms)[0m  CREATE TABLE "schema_migrations" ("version" varchar(255) NOT NULL) 
  [1m[36m (99.7ms)[0m  [1mCREATE UNIQUE INDEX "unique_schema_migrations" ON "schema_migrations" ("version")[0m
  [1m[35m (0.2ms)[0m  SELECT "schema_migrations"."version" FROM "schema_migrations" 
Migrating to DeviseCreateUsers (20180911085229)
  [1m[36m (0.1ms)[0m  [1mbegin transaction[0m
  [1m[35m (1.1ms)[0m  CREATE TABLE "users" ("id" INTEGER PRIMARY KEY AUTOINCREMENT NOT NULL, "email" varchar(255) DEFAULT '' NOT NULL, "encrypted_password" varchar(255) DEFAULT '' NOT NULL, "reset_password_token" varchar(255), "reset_password_sent_at" datetime, "remember_created_at" datetime, "sign_in_count" integer DEFAULT 0 NOT NULL, "current_sign_in_at" datetime, "last_sign_in_at" datetime, "current_sign_in_ip" varchar(255), "last_sign_in_ip" varchar(255), "created_at" datetime NOT NULL, "updated_at" datetime NOT NULL) 
  [1m[36m (0.7ms)[0m  [1mCREATE UNIQUE INDEX "index_users_on_email" ON "users" ("email")[0m
  [1m[35m (0.7ms)[0m  CREATE UNIQUE INDEX "index_users_on_reset_password_token" ON "users" ("reset_password_token")
  [1m[36m (0.3ms)[0m  [1mINSERT INTO "schema_migrations" ("version") VALUES ('20180911085229')[0m
  [1m[35m (133.1ms)[0m  commit transaction
  [1m[36m (0.2ms)[0m  [1mSELECT "schema_migrations"."version" FROM "schema_migrations" [0m
Connecting to database specified by database.yml
Connecting to database specified by database.yml
Connecting to database specified by database.yml
Connecting to database specified by database.yml
Connecting to database specified by database.yml


Started GET "/api/v1/twitter_login" for 127.0.0.1 at 2018-09-11 14:34:02 +0530

AbstractController::ActionNotFound (The action 'twiiter_login' could not be found for Api::V1::TwittersController):
  actionpack (3.2.22) lib/abstract_controller/base.rb:116:in `process'
  actionpack (3.2.22) lib/abstract_controller/rendering.rb:45:in `process'
  actionpack (3.2.22) lib/action_controller/metal.rb:203:in `dispatch'
  actionpack (3.2.22) lib/action_controller/metal/rack_delegation.rb:14:in `dispatch'
  actionpack (3.2.22) lib/action_controller/metal.rb:246:in `block in action'
  actionpack (3.2.22) lib/action_dispatch/routing/route_set.rb:73:in `call'
  actionpack (3.2.22) lib/action_dispatch/routing/route_set.rb:73:in `dispatch'
  actionpack (3.2.22) lib/action_dispatch/routing/route_set.rb:36:in `call'
  journey (1.0.4) lib/journey/router.rb:68:in `block in call'
  journey (1.0.4) lib/journey/router.rb:56:in `each'
  journey (1.0.4) lib/journey/router.rb:56:in `call'
  actionpack (3.2.22) lib/action_dispatch/routing/route_set.rb:608:in `call'
  warden (1.2.7) lib/warden/manager.rb:36:in `block in call'
  warden (1.2.7) lib/warden/manager.rb:35:in `catch'
  warden (1.2.7) lib/warden/manager.rb:35:in `call'
  actionpack (3.2.22) lib/action_dispatch/middleware/best_standards_support.rb:17:in `call'
  rack (1.4.7) lib/rack/etag.rb:23:in `call'
  rack (1.4.7) lib/rack/conditionalget.rb:25:in `call'
  actionpack (3.2.22) lib/action_dispatch/middleware/head.rb:14:in `call'
  actionpack (3.2.22) lib/action_dispatch/middleware/params_parser.rb:21:in `call'
  actionpack (3.2.22) lib/action_dispatch/middleware/flash.rb:242:in `call'
  rack (1.4.7) lib/rack/session/abstract/id.rb:210:in `context'
  rack (1.4.7) lib/rack/session/abstract/id.rb:205:in `call'
  actionpack (3.2.22) lib/action_dispatch/middleware/cookies.rb:341:in `call'
  activerecord (3.2.22) lib/active_record/query_cache.rb:64:in `call'
  activerecord (3.2.22) lib/active_record/connection_adapters/abstract/connection_pool.rb:479:in `call'
  actionpack (3.2.22) lib/action_dispatch/middleware/callbacks.rb:28:in `block in call'
  activesupport (3.2.22) lib/active_support/callbacks.rb:405:in `_run__3759007174855904299__call__2441587591607040627__callbacks'
  activesupport (3.2.22) lib/active_support/callbacks.rb:405:in `__run_callback'
  activesupport (3.2.22) lib/active_support/callbacks.rb:385:in `_run_call_callbacks'
  activesupport (3.2.22) lib/active_support/callbacks.rb:81:in `run_callbacks'
  actionpack (3.2.22) lib/action_dispatch/middleware/callbacks.rb:27:in `call'
  actionpack (3.2.22) lib/action_dispatch/middleware/reloader.rb:65:in `call'
  actionpack (3.2.22) lib/action_dispatch/middleware/remote_ip.rb:31:in `call'
  actionpack (3.2.22) lib/action_dispatch/middleware/debug_exceptions.rb:16:in `call'
  actionpack (3.2.22) lib/action_dispatch/middleware/show_exceptions.rb:56:in `call'
  railties (3.2.22) lib/rails/rack/logger.rb:32:in `call_app'
  railties (3.2.22) lib/rails/rack/logger.rb:16:in `block in call'
  activesupport (3.2.22) lib/active_support/tagged_logging.rb:22:in `tagged'
  railties (3.2.22) lib/rails/rack/logger.rb:16:in `call'
  actionpack (3.2.22) lib/action_dispatch/middleware/request_id.rb:22:in `call'
  rack (1.4.7) lib/rack/methodoverride.rb:21:in `call'
  rack (1.4.7) lib/rack/runtime.rb:17:in `call'
  activesupport (3.2.22) lib/active_support/cache/strategy/local_cache.rb:72:in `call'
  rack (1.4.7) lib/rack/lock.rb:15:in `call'
  actionpack (3.2.22) lib/action_dispatch/middleware/static.rb:83:in `call'
  railties (3.2.22) lib/rails/engine.rb:484:in `call'
  railties (3.2.22) lib/rails/application.rb:231:in `call'
  rack (1.4.7) lib/rack/content_length.rb:14:in `call'
  railties (3.2.22) lib/rails/rack/log_tailer.rb:17:in `call'
  rack (1.4.7) lib/rack/handler/webrick.rb:59:in `service'
  /home/rails/.rvm/rubies/ruby-2.1.10/lib/ruby/2.1.0/webrick/httpserver.rb:138:in `service'
  /home/rails/.rvm/rubies/ruby-2.1.10/lib/ruby/2.1.0/webrick/httpserver.rb:94:in `run'
  /home/rails/.rvm/rubies/ruby-2.1.10/lib/ruby/2.1.0/webrick/server.rb:295:in `block in start_thread'


  Rendered /home/rails/.rvm/gems/ruby-2.1.10/gems/actionpack-3.2.22/lib/action_dispatch/middleware/templates/rescues/unknown_action.erb within rescues/layout (6.4ms)
Connecting to database specified by database.yml
Connecting to database specified by database.yml


Started GET "/api/v1/twitter_login" for 127.0.0.1 at 2018-09-11 14:36:11 +0530
Processing by Api::V1::TwittersController#twitter_login as */*
Completed 500 Internal Server Error in 3.0ms

NameError (undefined local variable or method `byebug' for #<Api::V1::TwittersController:0x000000029cfa98>):
  app/controllers/api/v1/twitters_controller.rb:6:in `twitter_login'


  Rendered /home/rails/.rvm/gems/ruby-2.1.10/gems/actionpack-3.2.22/lib/action_dispatch/middleware/templates/rescues/_trace.erb (1.3ms)
  Rendered /home/rails/.rvm/gems/ruby-2.1.10/gems/actionpack-3.2.22/lib/action_dispatch/middleware/templates/rescues/_request_and_response.erb (1.1ms)
  Rendered /home/rails/.rvm/gems/ruby-2.1.10/gems/actionpack-3.2.22/lib/action_dispatch/middleware/templates/rescues/diagnostics.erb within rescues/layout (49.1ms)


Started GET "/api/v1/twitter_login" for 127.0.0.1 at 2018-09-11 14:36:32 +0530
Processing by Api::V1::TwittersController#twitter_login as */*

***** Debugger requested, but was not available (ensure ruby-debug is listed in Gemfile/installed as gem): Start server with --debugger to enable *****

Completed 500 Internal Server Error in 24.0ms

ActionView::MissingTemplate (Missing template api/v1/twitters/twitter_login, application/twitter_login with {:locale=>[:en], :formats=>[:html, :text, :js, :css, :ics, :csv, :png, :jpeg, :gif, :bmp, :tiff, :mpeg, :xml, :rss, :atom, :yaml, :multipart_form, :url_encoded_form, :json, :pdf, :zip], :handlers=>[:erb, :builder, :coffee]}. Searched in:
  * "/home/rails/TestApi/app/views"
  * "/home/rails/.rvm/gems/ruby-2.1.10/gems/devise-3.5.10/app/views"
):
  actionpack (3.2.22) lib/action_view/path_set.rb:58:in `find'
  actionpack (3.2.22) lib/action_view/lookup_context.rb:122:in `find'
  actionpack (3.2.22) lib/action_view/renderer/abstract_renderer.rb:3:in `find_template'
  actionpack (3.2.22) lib/action_view/renderer/template_renderer.rb:34:in `determine_template'
  actionpack (3.2.22) lib/action_view/renderer/template_renderer.rb:10:in `render'
  actionpack (3.2.22) lib/action_view/renderer/renderer.rb:36:in `render_template'
  actionpack (3.2.22) lib/action_view/renderer/renderer.rb:17:in `render'
  actionpack (3.2.22) lib/abstract_controller/rendering.rb:110:in `_render_template'
  actionpack (3.2.22) lib/action_controller/metal/streaming.rb:225:in `_render_template'
  actionpack (3.2.22) lib/abstract_controller/rendering.rb:103:in `render_to_body'
  actionpack (3.2.22) lib/action_controller/metal/renderers.rb:28:in `render_to_body'
  actionpack (3.2.22) lib/action_controller/metal/compatibility.rb:50:in `render_to_body'
  actionpack (3.2.22) lib/abstract_controller/rendering.rb:88:in `render'
  actionpack (3.2.22) lib/action_controller/metal/rendering.rb:16:in `render'
  actionpack (3.2.22) lib/action_controller/metal/instrumentation.rb:40:in `block (2 levels) in render'
  activesupport (3.2.22) lib/active_support/core_ext/benchmark.rb:5:in `block in ms'
  /home/rails/.rvm/rubies/ruby-2.1.10/lib/ruby/2.1.0/benchmark.rb:294:in `realtime'
  activesupport (3.2.22) lib/active_support/core_ext/benchmark.rb:5:in `ms'
  actionpack (3.2.22) lib/action_controller/metal/instrumentation.rb:40:in `block in render'
  actionpack (3.2.22) lib/action_controller/metal/instrumentation.rb:83:in `cleanup_view_runtime'
  activerecord (3.2.22) lib/active_record/railties/controller_runtime.rb:24:in `cleanup_view_runtime'
  actionpack (3.2.22) lib/action_controller/metal/instrumentation.rb:39:in `render'
  actionpack (3.2.22) lib/action_controller/metal/implicit_render.rb:10:in `default_render'
  actionpack (3.2.22) lib/action_controller/metal/implicit_render.rb:5:in `send_action'
  actionpack (3.2.22) lib/abstract_controller/base.rb:167:in `process_action'
  actionpack (3.2.22) lib/action_controller/metal/rendering.rb:10:in `process_action'
  actionpack (3.2.22) lib/abstract_controller/callbacks.rb:18:in `block in process_action'
  activesupport (3.2.22) lib/active_support/callbacks.rb:414:in `_run__3174723748898424160__process_action__1094861846824648168__callbacks'
  activesupport (3.2.22) lib/active_support/callbacks.rb:405:in `__run_callback'
  activesupport (3.2.22) lib/active_support/callbacks.rb:385:in `_run_process_action_callbacks'
  activesupport (3.2.22) lib/active_support/callbacks.rb:81:in `run_callbacks'
  actionpack (3.2.22) lib/abstract_controller/callbacks.rb:17:in `process_action'
  actionpack (3.2.22) lib/action_controller/metal/rescue.rb:29:in `process_action'
  actionpack (3.2.22) lib/action_controller/metal/instrumentation.rb:30:in `block in process_action'
  activesupport (3.2.22) lib/active_support/notifications.rb:123:in `block in instrument'
  activesupport (3.2.22) lib/active_support/notifications/instrumenter.rb:20:in `instrument'
  activesupport (3.2.22) lib/active_support/notifications.rb:123:in `instrument'
  actionpack (3.2.22) lib/action_controller/metal/instrumentation.rb:29:in `process_action'
  actionpack (3.2.22) lib/action_controller/metal/params_wrapper.rb:207:in `process_action'
  activerecord (3.2.22) lib/active_record/railties/controller_runtime.rb:18:in `process_action'
  actionpack (3.2.22) lib/abstract_controller/base.rb:121:in `process'
  actionpack (3.2.22) lib/abstract_controller/rendering.rb:45:in `process'
  actionpack (3.2.22) lib/action_controller/metal.rb:203:in `dispatch'
  actionpack (3.2.22) lib/action_controller/metal/rack_delegation.rb:14:in `dispatch'
  actionpack (3.2.22) lib/action_controller/metal.rb:246:in `block in action'
  actionpack (3.2.22) lib/action_dispatch/routing/route_set.rb:73:in `call'
  actionpack (3.2.22) lib/action_dispatch/routing/route_set.rb:73:in `dispatch'
  actionpack (3.2.22) lib/action_dispatch/routing/route_set.rb:36:in `call'
  journey (1.0.4) lib/journey/router.rb:68:in `block in call'
  journey (1.0.4) lib/journey/router.rb:56:in `each'
  journey (1.0.4) lib/journey/router.rb:56:in `call'
  actionpack (3.2.22) lib/action_dispatch/routing/route_set.rb:608:in `call'
  warden (1.2.7) lib/warden/manager.rb:36:in `block in call'
  warden (1.2.7) lib/warden/manager.rb:35:in `catch'
  warden (1.2.7) lib/warden/manager.rb:35:in `call'
  actionpack (3.2.22) lib/action_dispatch/middleware/best_standards_support.rb:17:in `call'
  rack (1.4.7) lib/rack/etag.rb:23:in `call'
  rack (1.4.7) lib/rack/conditionalget.rb:25:in `call'
  actionpack (3.2.22) lib/action_dispatch/middleware/head.rb:14:in `call'
  actionpack (3.2.22) lib/action_dispatch/middleware/params_parser.rb:21:in `call'
  actionpack (3.2.22) lib/action_dispatch/middleware/flash.rb:242:in `call'
  rack (1.4.7) lib/rack/session/abstract/id.rb:210:in `context'
  rack (1.4.7) lib/rack/session/abstract/id.rb:205:in `call'
  actionpack (3.2.22) lib/action_dispatch/middleware/cookies.rb:341:in `call'
  activerecord (3.2.22) lib/active_record/query_cache.rb:64:in `call'
  activerecord (3.2.22) lib/active_record/connection_adapters/abstract/connection_pool.rb:479:in `call'
  actionpack (3.2.22) lib/action_dispatch/middleware/callbacks.rb:28:in `block in call'
  activesupport (3.2.22) lib/active_support/callbacks.rb:405:in `_run__1008071869911809045__call__4480319543498479284__callbacks'
  activesupport (3.2.22) lib/active_support/callbacks.rb:405:in `__run_callback'
  activesupport (3.2.22) lib/active_support/callbacks.rb:385:in `_run_call_callbacks'
  activesupport (3.2.22) lib/active_support/callbacks.rb:81:in `run_callbacks'
  actionpack (3.2.22) lib/action_dispatch/middleware/callbacks.rb:27:in `call'
  actionpack (3.2.22) lib/action_dispatch/middleware/reloader.rb:65:in `call'
  actionpack (3.2.22) lib/action_dispatch/middleware/remote_ip.rb:31:in `call'
  actionpack (3.2.22) lib/action_dispatch/middleware/debug_exceptions.rb:16:in `call'
  actionpack (3.2.22) lib/action_dispatch/middleware/show_exceptions.rb:56:in `call'
  railties (3.2.22) lib/rails/rack/logger.rb:32:in `call_app'
  railties (3.2.22) lib/rails/rack/logger.rb:16:in `block in call'
  activesupport (3.2.22) lib/active_support/tagged_logging.rb:22:in `tagged'
  railties (3.2.22) lib/rails/rack/logger.rb:16:in `call'
  actionpack (3.2.22) lib/action_dispatch/middleware/request_id.rb:22:in `call'
  rack (1.4.7) lib/rack/methodoverride.rb:21:in `call'
  rack (1.4.7) lib/rack/runtime.rb:17:in `call'
  activesupport (3.2.22) lib/active_support/cache/strategy/local_cache.rb:72:in `call'
  rack (1.4.7) lib/rack/lock.rb:15:in `call'
  actionpack (3.2.22) lib/action_dispatch/middleware/static.rb:83:in `call'
  railties (3.2.22) lib/rails/engine.rb:484:in `call'
  railties (3.2.22) lib/rails/application.rb:231:in `call'
  rack (1.4.7) lib/rack/content_length.rb:14:in `call'
  railties (3.2.22) lib/rails/rack/log_tailer.rb:17:in `call'
  rack (1.4.7) lib/rack/handler/webrick.rb:59:in `service'
  /home/rails/.rvm/rubies/ruby-2.1.10/lib/ruby/2.1.0/webrick/httpserver.rb:138:in `service'
  /home/rails/.rvm/rubies/ruby-2.1.10/lib/ruby/2.1.0/webrick/httpserver.rb:94:in `run'
  /home/rails/.rvm/rubies/ruby-2.1.10/lib/ruby/2.1.0/webrick/server.rb:295:in `block in start_thread'


  Rendered /home/rails/.rvm/gems/ruby-2.1.10/gems/actionpack-3.2.22/lib/action_dispatch/middleware/templates/rescues/missing_template.erb within rescues/layout (0.5ms)
Connecting to database specified by database.yml


Started GET "/api/v1/twitter_login" for 127.0.0.1 at 2018-09-11 14:38:50 +0530
Processing by Api::V1::TwittersController#twitter_login as */*
Completed 500 Internal Server Error in 2542010.0ms

ActionView::MissingTemplate (Missing template api/v1/twitters/twitter_login, application/twitter_login with {:locale=>[:en], :formats=>[:html, :text, :js, :css, :ics, :csv, :png, :jpeg, :gif, :bmp, :tiff, :mpeg, :xml, :rss, :atom, :yaml, :multipart_form, :url_encoded_form, :json, :pdf, :zip], :handlers=>[:erb, :builder, :coffee]}. Searched in:
  * "/home/rails/TestApi/app/views"
  * "/home/rails/.rvm/gems/ruby-2.1.10/gems/devise-3.5.10/app/views"
):
  actionpack (3.2.22) lib/action_view/path_set.rb:58:in `find'
  actionpack (3.2.22) lib/action_view/lookup_context.rb:122:in `find'
  actionpack (3.2.22) lib/action_view/renderer/abstract_renderer.rb:3:in `find_template'
  actionpack (3.2.22) lib/action_view/renderer/template_renderer.rb:34:in `determine_template'
  actionpack (3.2.22) lib/action_view/renderer/template_renderer.rb:10:in `render'
  actionpack (3.2.22) lib/action_view/renderer/renderer.rb:36:in `render_template'
  actionpack (3.2.22) lib/action_view/renderer/renderer.rb:17:in `render'
  actionpack (3.2.22) lib/abstract_controller/rendering.rb:110:in `_render_template'
  actionpack (3.2.22) lib/action_controller/metal/streaming.rb:225:in `_render_template'
  actionpack (3.2.22) lib/abstract_controller/rendering.rb:103:in `render_to_body'
  actionpack (3.2.22) lib/action_controller/metal/renderers.rb:28:in `render_to_body'
  actionpack (3.2.22) lib/action_controller/metal/compatibility.rb:50:in `render_to_body'
  actionpack (3.2.22) lib/abstract_controller/rendering.rb:88:in `render'
  actionpack (3.2.22) lib/action_controller/metal/rendering.rb:16:in `render'
  actionpack (3.2.22) lib/action_controller/metal/instrumentation.rb:40:in `block (2 levels) in render'
  activesupport (3.2.22) lib/active_support/core_ext/benchmark.rb:5:in `block in ms'
  /home/rails/.rvm/rubies/ruby-2.1.10/lib/ruby/2.1.0/benchmark.rb:294:in `realtime'
  activesupport (3.2.22) lib/active_support/core_ext/benchmark.rb:5:in `ms'
  actionpack (3.2.22) lib/action_controller/metal/instrumentation.rb:40:in `block in render'
  actionpack (3.2.22) lib/action_controller/metal/instrumentation.rb:83:in `cleanup_view_runtime'
  activerecord (3.2.22) lib/active_record/railties/controller_runtime.rb:24:in `cleanup_view_runtime'
  actionpack (3.2.22) lib/action_controller/metal/instrumentation.rb:39:in `render'
  actionpack (3.2.22) lib/action_controller/metal/implicit_render.rb:10:in `default_render'
  actionpack (3.2.22) lib/action_controller/metal/implicit_render.rb:5:in `send_action'
  actionpack (3.2.22) lib/abstract_controller/base.rb:167:in `process_action'
  actionpack (3.2.22) lib/action_controller/metal/rendering.rb:10:in `process_action'
  actionpack (3.2.22) lib/abstract_controller/callbacks.rb:18:in `block in process_action'
  activesupport (3.2.22) lib/active_support/callbacks.rb:414:in `_run__3412810522989370262__process_action__4300575206759403154__callbacks'
  activesupport (3.2.22) lib/active_support/callbacks.rb:405:in `__run_callback'
  activesupport (3.2.22) lib/active_support/callbacks.rb:385:in `_run_process_action_callbacks'
  activesupport (3.2.22) lib/active_support/callbacks.rb:81:in `run_callbacks'
  actionpack (3.2.22) lib/abstract_controller/callbacks.rb:17:in `process_action'
  actionpack (3.2.22) lib/action_controller/metal/rescue.rb:29:in `process_action'
  actionpack (3.2.22) lib/action_controller/metal/instrumentation.rb:30:in `block in process_action'
  activesupport (3.2.22) lib/active_support/notifications.rb:123:in `block in instrument'
  activesupport (3.2.22) lib/active_support/notifications/instrumenter.rb:20:in `instrument'
  activesupport (3.2.22) lib/active_support/notifications.rb:123:in `instrument'
  actionpack (3.2.22) lib/action_controller/metal/instrumentation.rb:29:in `process_action'
  actionpack (3.2.22) lib/action_controller/metal/params_wrapper.rb:207:in `process_action'
  activerecord (3.2.22) lib/active_record/railties/controller_runtime.rb:18:in `process_action'
  actionpack (3.2.22) lib/abstract_controller/base.rb:121:in `process'
  actionpack (3.2.22) lib/abstract_controller/rendering.rb:45:in `process'
  actionpack (3.2.22) lib/action_controller/metal.rb:203:in `dispatch'
  actionpack (3.2.22) lib/action_controller/metal/rack_delegation.rb:14:in `dispatch'
  actionpack (3.2.22) lib/action_controller/metal.rb:246:in `block in action'
  actionpack (3.2.22) lib/action_dispatch/routing/route_set.rb:73:in `call'
  actionpack (3.2.22) lib/action_dispatch/routing/route_set.rb:73:in `dispatch'
  actionpack (3.2.22) lib/action_dispatch/routing/route_set.rb:36:in `call'
  journey (1.0.4) lib/journey/router.rb:68:in `block in call'
  journey (1.0.4) lib/journey/router.rb:56:in `each'
  journey (1.0.4) lib/journey/router.rb:56:in `call'
  actionpack (3.2.22) lib/action_dispatch/routing/route_set.rb:608:in `call'
  warden (1.2.7) lib/warden/manager.rb:36:in `block in call'
  warden (1.2.7) lib/warden/manager.rb:35:in `catch'
  warden (1.2.7) lib/warden/manager.rb:35:in `call'
  actionpack (3.2.22) lib/action_dispatch/middleware/best_standards_support.rb:17:in `call'
  rack (1.4.7) lib/rack/etag.rb:23:in `call'
  rack (1.4.7) lib/rack/conditionalget.rb:25:in `call'
  actionpack (3.2.22) lib/action_dispatch/middleware/head.rb:14:in `call'
  actionpack (3.2.22) lib/action_dispatch/middleware/params_parser.rb:21:in `call'
  actionpack (3.2.22) lib/action_dispatch/middleware/flash.rb:242:in `call'
  rack (1.4.7) lib/rack/session/abstract/id.rb:210:in `context'
  rack (1.4.7) lib/rack/session/abstract/id.rb:205:in `call'
  actionpack (3.2.22) lib/action_dispatch/middleware/cookies.rb:341:in `call'
  activerecord (3.2.22) lib/active_record/query_cache.rb:64:in `call'
  activerecord (3.2.22) lib/active_record/connection_adapters/abstract/connection_pool.rb:479:in `call'
  actionpack (3.2.22) lib/action_dispatch/middleware/callbacks.rb:28:in `block in call'
  activesupport (3.2.22) lib/active_support/callbacks.rb:405:in `_run__781420947899313558__call__4557632803092807749__callbacks'
  activesupport (3.2.22) lib/active_support/callbacks.rb:405:in `__run_callback'
  activesupport (3.2.22) lib/active_support/callbacks.rb:385:in `_run_call_callbacks'
  activesupport (3.2.22) lib/active_support/callbacks.rb:81:in `run_callbacks'
  actionpack (3.2.22) lib/action_dispatch/middleware/callbacks.rb:27:in `call'
  actionpack (3.2.22) lib/action_dispatch/middleware/reloader.rb:65:in `call'
  actionpack (3.2.22) lib/action_dispatch/middleware/remote_ip.rb:31:in `call'
  actionpack (3.2.22) lib/action_dispatch/middleware/debug_exceptions.rb:16:in `call'
  actionpack (3.2.22) lib/action_dispatch/middleware/show_exceptions.rb:56:in `call'
  railties (3.2.22) lib/rails/rack/logger.rb:32:in `call_app'
  railties (3.2.22) lib/rails/rack/logger.rb:16:in `block in call'
  activesupport (3.2.22) lib/active_support/tagged_logging.rb:22:in `tagged'
  railties (3.2.22) lib/rails/rack/logger.rb:16:in `call'
  actionpack (3.2.22) lib/action_dispatch/middleware/request_id.rb:22:in `call'
  rack (1.4.7) lib/rack/methodoverride.rb:21:in `call'
  rack (1.4.7) lib/rack/runtime.rb:17:in `call'
  activesupport (3.2.22) lib/active_support/cache/strategy/local_cache.rb:72:in `call'
  rack (1.4.7) lib/rack/lock.rb:15:in `call'
  actionpack (3.2.22) lib/action_dispatch/middleware/static.rb:83:in `call'
  railties (3.2.22) lib/rails/engine.rb:484:in `call'
  railties (3.2.22) lib/rails/application.rb:231:in `call'
  rack (1.4.7) lib/rack/content_length.rb:14:in `call'
  railties (3.2.22) lib/rails/rack/log_tailer.rb:17:in `call'
  rack (1.4.7) lib/rack/handler/webrick.rb:59:in `service'
  /home/rails/.rvm/rubies/ruby-2.1.10/lib/ruby/2.1.0/webrick/httpserver.rb:138:in `service'
  /home/rails/.rvm/rubies/ruby-2.1.10/lib/ruby/2.1.0/webrick/httpserver.rb:94:in `run'
  /home/rails/.rvm/rubies/ruby-2.1.10/lib/ruby/2.1.0/webrick/server.rb:295:in `block in start_thread'


  Rendered /home/rails/.rvm/gems/ruby-2.1.10/gems/actionpack-3.2.22/lib/action_dispatch/middleware/templates/rescues/missing_template.erb within rescues/layout (1.2ms)
Connecting to database specified by database.yml


Started GET "/api/v1/twitter_login" for 127.0.0.1 at 2018-09-11 15:21:23 +0530

LoadError (Expected /home/rails/TestApi/app/models/api/twitter.rb to define Api::Twitter):
  app/controllers/api/v1/twitters_controller.rb:1:in `<top (required)>'


  Rendered /home/rails/.rvm/gems/ruby-2.1.10/gems/actionpack-3.2.22/lib/action_dispatch/middleware/templates/rescues/_trace.erb (1.2ms)
  Rendered /home/rails/.rvm/gems/ruby-2.1.10/gems/actionpack-3.2.22/lib/action_dispatch/middleware/templates/rescues/_request_and_response.erb (2.3ms)
  Rendered /home/rails/.rvm/gems/ruby-2.1.10/gems/actionpack-3.2.22/lib/action_dispatch/middleware/templates/rescues/diagnostics.erb within rescues/layout (9.5ms)
Connecting to database specified by database.yml


Started GET "/api/v1/twitter_login" for 127.0.0.1 at 2018-09-11 15:22:55 +0530

LoadError (Expected /home/rails/TestApi/app/models/api/twitter.rb to define Api::Twitter):
  app/controllers/api/v1/twitters_controller.rb:1:in `<top (required)>'


  Rendered /home/rails/.rvm/gems/ruby-2.1.10/gems/actionpack-3.2.22/lib/action_dispatch/middleware/templates/rescues/_trace.erb (1.7ms)
  Rendered /home/rails/.rvm/gems/ruby-2.1.10/gems/actionpack-3.2.22/lib/action_dispatch/middleware/templates/rescues/_request_and_response.erb (1.7ms)
  Rendered /home/rails/.rvm/gems/ruby-2.1.10/gems/actionpack-3.2.22/lib/action_dispatch/middleware/templates/rescues/diagnostics.erb within rescues/layout (9.5ms)
Connecting to database specified by database.yml


Started GET "/api/v1/twitter_login" for 127.0.0.1 at 2018-09-11 15:23:53 +0530
Processing by Api::V1::TwittersController#twitter_login as */*
Completed 500 Internal Server Error in 13.2ms

ActionView::MissingTemplate (Missing template api/v1/twitters/twitter_login, application/twitter_login with {:locale=>[:en], :formats=>[:html, :text, :js, :css, :ics, :csv, :png, :jpeg, :gif, :bmp, :tiff, :mpeg, :xml, :rss, :atom, :yaml, :multipart_form, :url_encoded_form, :json, :pdf, :zip], :handlers=>[:erb, :builder, :coffee]}. Searched in:
  * "/home/rails/TestApi/app/views"
  * "/home/rails/.rvm/gems/ruby-2.1.10/gems/devise-3.5.10/app/views"
):
  actionpack (3.2.22) lib/action_view/path_set.rb:58:in `find'
  actionpack (3.2.22) lib/action_view/lookup_context.rb:122:in `find'
  actionpack (3.2.22) lib/action_view/renderer/abstract_renderer.rb:3:in `find_template'
  actionpack (3.2.22) lib/action_view/renderer/template_renderer.rb:34:in `determine_template'
  actionpack (3.2.22) lib/action_view/renderer/template_renderer.rb:10:in `render'
  actionpack (3.2.22) lib/action_view/renderer/renderer.rb:36:in `render_template'
  actionpack (3.2.22) lib/action_view/renderer/renderer.rb:17:in `render'
  actionpack (3.2.22) lib/abstract_controller/rendering.rb:110:in `_render_template'
  actionpack (3.2.22) lib/action_controller/metal/streaming.rb:225:in `_render_template'
  actionpack (3.2.22) lib/abstract_controller/rendering.rb:103:in `render_to_body'
  actionpack (3.2.22) lib/action_controller/metal/renderers.rb:28:in `render_to_body'
  actionpack (3.2.22) lib/action_controller/metal/compatibility.rb:50:in `render_to_body'
  actionpack (3.2.22) lib/abstract_controller/rendering.rb:88:in `render'
  actionpack (3.2.22) lib/action_controller/metal/rendering.rb:16:in `render'
  actionpack (3.2.22) lib/action_controller/metal/instrumentation.rb:40:in `block (2 levels) in render'
  activesupport (3.2.22) lib/active_support/core_ext/benchmark.rb:5:in `block in ms'
  /home/rails/.rvm/rubies/ruby-2.1.10/lib/ruby/2.1.0/benchmark.rb:294:in `realtime'
  activesupport (3.2.22) lib/active_support/core_ext/benchmark.rb:5:in `ms'
  actionpack (3.2.22) lib/action_controller/metal/instrumentation.rb:40:in `block in render'
  actionpack (3.2.22) lib/action_controller/metal/instrumentation.rb:83:in `cleanup_view_runtime'
  activerecord (3.2.22) lib/active_record/railties/controller_runtime.rb:24:in `cleanup_view_runtime'
  actionpack (3.2.22) lib/action_controller/metal/instrumentation.rb:39:in `render'
  actionpack (3.2.22) lib/action_controller/metal/implicit_render.rb:10:in `default_render'
  actionpack (3.2.22) lib/action_controller/metal/implicit_render.rb:5:in `send_action'
  actionpack (3.2.22) lib/abstract_controller/base.rb:167:in `process_action'
  actionpack (3.2.22) lib/action_controller/metal/rendering.rb:10:in `process_action'
  actionpack (3.2.22) lib/abstract_controller/callbacks.rb:18:in `block in process_action'
  activesupport (3.2.22) lib/active_support/callbacks.rb:414:in `_run__2743104049169181252__process_action__1235153488517807483__callbacks'
  activesupport (3.2.22) lib/active_support/callbacks.rb:405:in `__run_callback'
  activesupport (3.2.22) lib/active_support/callbacks.rb:385:in `_run_process_action_callbacks'
  activesupport (3.2.22) lib/active_support/callbacks.rb:81:in `run_callbacks'
  actionpack (3.2.22) lib/abstract_controller/callbacks.rb:17:in `process_action'
  actionpack (3.2.22) lib/action_controller/metal/rescue.rb:29:in `process_action'
  actionpack (3.2.22) lib/action_controller/metal/instrumentation.rb:30:in `block in process_action'
  activesupport (3.2.22) lib/active_support/notifications.rb:123:in `block in instrument'
  activesupport (3.2.22) lib/active_support/notifications/instrumenter.rb:20:in `instrument'
  activesupport (3.2.22) lib/active_support/notifications.rb:123:in `instrument'
  actionpack (3.2.22) lib/action_controller/metal/instrumentation.rb:29:in `process_action'
  actionpack (3.2.22) lib/action_controller/metal/params_wrapper.rb:207:in `process_action'
  activerecord (3.2.22) lib/active_record/railties/controller_runtime.rb:18:in `process_action'
  actionpack (3.2.22) lib/abstract_controller/base.rb:121:in `process'
  actionpack (3.2.22) lib/abstract_controller/rendering.rb:45:in `process'
  actionpack (3.2.22) lib/action_controller/metal.rb:203:in `dispatch'
  actionpack (3.2.22) lib/action_controller/metal/rack_delegation.rb:14:in `dispatch'
  actionpack (3.2.22) lib/action_controller/metal.rb:246:in `block in action'
  actionpack (3.2.22) lib/action_dispatch/routing/route_set.rb:73:in `call'
  actionpack (3.2.22) lib/action_dispatch/routing/route_set.rb:73:in `dispatch'
  actionpack (3.2.22) lib/action_dispatch/routing/route_set.rb:36:in `call'
  journey (1.0.4) lib/journey/router.rb:68:in `block in call'
  journey (1.0.4) lib/journey/router.rb:56:in `each'
  journey (1.0.4) lib/journey/router.rb:56:in `call'
  actionpack (3.2.22) lib/action_dispatch/routing/route_set.rb:608:in `call'
  warden (1.2.7) lib/warden/manager.rb:36:in `block in call'
  warden (1.2.7) lib/warden/manager.rb:35:in `catch'
  warden (1.2.7) lib/warden/manager.rb:35:in `call'
  actionpack (3.2.22) lib/action_dispatch/middleware/best_standards_support.rb:17:in `call'
  rack (1.4.7) lib/rack/etag.rb:23:in `call'
  rack (1.4.7) lib/rack/conditionalget.rb:25:in `call'
  actionpack (3.2.22) lib/action_dispatch/middleware/head.rb:14:in `call'
  actionpack (3.2.22) lib/action_dispatch/middleware/params_parser.rb:21:in `call'
  actionpack (3.2.22) lib/action_dispatch/middleware/flash.rb:242:in `call'
  rack (1.4.7) lib/rack/session/abstract/id.rb:210:in `context'
  rack (1.4.7) lib/rack/session/abstract/id.rb:205:in `call'
  actionpack (3.2.22) lib/action_dispatch/middleware/cookies.rb:341:in `call'
  activerecord (3.2.22) lib/active_record/query_cache.rb:64:in `call'
  activerecord (3.2.22) lib/active_record/connection_adapters/abstract/connection_pool.rb:479:in `call'
  actionpack (3.2.22) lib/action_dispatch/middleware/callbacks.rb:28:in `block in call'
  activesupport (3.2.22) lib/active_support/callbacks.rb:405:in `_run__94988158205115893__call__3377157309760046237__callbacks'
  activesupport (3.2.22) lib/active_support/callbacks.rb:405:in `__run_callback'
  activesupport (3.2.22) lib/active_support/callbacks.rb:385:in `_run_call_callbacks'
  activesupport (3.2.22) lib/active_support/callbacks.rb:81:in `run_callbacks'
  actionpack (3.2.22) lib/action_dispatch/middleware/callbacks.rb:27:in `call'
  actionpack (3.2.22) lib/action_dispatch/middleware/reloader.rb:65:in `call'
  actionpack (3.2.22) lib/action_dispatch/middleware/remote_ip.rb:31:in `call'
  actionpack (3.2.22) lib/action_dispatch/middleware/debug_exceptions.rb:16:in `call'
  actionpack (3.2.22) lib/action_dispatch/middleware/show_exceptions.rb:56:in `call'
  railties (3.2.22) lib/rails/rack/logger.rb:32:in `call_app'
  railties (3.2.22) lib/rails/rack/logger.rb:16:in `block in call'
  activesupport (3.2.22) lib/active_support/tagged_logging.rb:22:in `tagged'
  railties (3.2.22) lib/rails/rack/logger.rb:16:in `call'
  actionpack (3.2.22) lib/action_dispatch/middleware/request_id.rb:22:in `call'
  rack (1.4.7) lib/rack/methodoverride.rb:21:in `call'
  rack (1.4.7) lib/rack/runtime.rb:17:in `call'
  activesupport (3.2.22) lib/active_support/cache/strategy/local_cache.rb:72:in `call'
  rack (1.4.7) lib/rack/lock.rb:15:in `call'
  actionpack (3.2.22) lib/action_dispatch/middleware/static.rb:83:in `call'
  railties (3.2.22) lib/rails/engine.rb:484:in `call'
  railties (3.2.22) lib/rails/application.rb:231:in `call'
  rack (1.4.7) lib/rack/content_length.rb:14:in `call'
  railties (3.2.22) lib/rails/rack/log_tailer.rb:17:in `call'
  rack (1.4.7) lib/rack/handler/webrick.rb:59:in `service'
  /home/rails/.rvm/rubies/ruby-2.1.10/lib/ruby/2.1.0/webrick/httpserver.rb:138:in `service'
  /home/rails/.rvm/rubies/ruby-2.1.10/lib/ruby/2.1.0/webrick/httpserver.rb:94:in `run'
  /home/rails/.rvm/rubies/ruby-2.1.10/lib/ruby/2.1.0/webrick/server.rb:295:in `block in start_thread'


  Rendered /home/rails/.rvm/gems/ruby-2.1.10/gems/actionpack-3.2.22/lib/action_dispatch/middleware/templates/rescues/missing_template.erb within rescues/layout (1.2ms)


Started GET "/api/v1/twitter_login" for 127.0.0.1 at 2018-09-11 15:24:52 +0530
Processing by Api::V1::TwittersController#twitter_login as */*
Completed 200 OK in 0.5ms (Views: 0.2ms | ActiveRecord: 0.0ms)


Started GET "/api/v1/twitter_login" for 127.0.0.1 at 2018-09-11 15:25:16 +0530
Processing by Api::V1::TwittersController#twitter_login as */*
Completed 200 OK in 815564.7ms (Views: 0.3ms | ActiveRecord: 0.0ms)
Connecting to database specified by database.yml


Started GET "/api/v1/twitter_login" for 127.0.0.1 at 2018-09-11 15:41:27 +0530
Processing by Api::V1::TwittersController#twitter_login as */*
Completed 200 OK in 154395.7ms (Views: 1.5ms | ActiveRecord: 0.0ms)


Started GET "/api/v1/twitter_login?username=kapilp.pis@gmail.com&password=[FILTERED]" for 127.0.0.1 at 2018-09-11 15:44:09 +0530
Processing by Api::V1::TwittersController#twitter_login as */*
  Parameters: {"username"=>"kapilp.pis@gmail.com", "password"=>"[FILTERED]"}
Completed 200 OK in 141510.4ms (Views: 1.0ms | ActiveRecord: 0.0ms)


Started GET "/api/v1/twitter_login?username=kapilp.pis@gmail.com&password=[FILTERED]" for 127.0.0.1 at 2018-09-11 15:47:11 +0530
Processing by Api::V1::TwittersController#twitter_login as */*
  Parameters: {"username"=>"kapilp.pis@gmail.com", "password"=>"[FILTERED]"}
Completed 200 OK in 100125.1ms (Views: 1.3ms | ActiveRecord: 0.0ms)
Connecting to database specified by database.yml


Started GET "/api/v1/twitter_login?username=kapilp.pis@gmail.com&password=[FILTERED]" for 127.0.0.1 at 2018-09-11 15:49:06 +0530
Processing by Api::V1::TwittersController#twitter_login as */*
  Parameters: {"username"=>"kapilp.pis@gmail.com", "password"=>"[FILTERED]"}
Completed 200 OK in 78160.8ms (Views: 1.3ms | ActiveRecord: 0.0ms)
Connecting to database specified by database.yml


Started POST "/api/v1/twitter_login" for 127.0.0.1 at 2018-09-11 15:50:42 +0530
Processing by Api::V1::TwittersController#twitter_login as */*
WARNING: Can't verify CSRF token authenticity
Completed 200 OK in 46879.3ms (Views: 1.5ms | ActiveRecord: 0.0ms)
Connecting to database specified by database.yml


Started POST "/api/v1/twitter_login" for 127.0.0.1 at 2018-09-11 15:51:52 +0530
Processing by Api::V1::TwittersController#twitter_login as */*
  Parameters: {"username"=>"kapilp.pis@gmail.com", "password"=>"[FILTERED]"}
WARNING: Can't verify CSRF token authenticity
Completed 200 OK in 17266.2ms (Views: 1.5ms | ActiveRecord: 0.0ms)


Started POST "/api/v1/twitter_login" for 127.0.0.1 at 2018-09-11 15:54:59 +0530
Processing by Api::V1::TwittersController#twitter_login as */*
  Parameters: {"username"=>"kapilp.pis@gmail.com", "password"=>"[FILTERED]"}
WARNING: Can't verify CSRF token authenticity
Completed 200 OK in 1112.9ms (Views: 0.7ms | ActiveRecord: 0.0ms)
Connecting to database specified by database.yml


Started POST "/api/v1/twitter_login" for 127.0.0.1 at 2018-09-11 15:55:13 +0530
Processing by Api::V1::TwittersController#twitter_login as */*
  Parameters: {"username"=>"kapilp.pis@gmail.com", "password"=>"[FILTERED]"}
WARNING: Can't verify CSRF token authenticity
Completed 200 OK in 132263.3ms (Views: 1.3ms | ActiveRecord: 0.0ms)
Connecting to database specified by database.yml


Started POST "/api/v1/twitter_login" for 127.0.0.1 at 2018-09-11 17:37:14 +0530
Processing by Api::V1::TwittersController#twitter_login as */*
WARNING: Can't verify CSRF token authenticity
Completed 200 OK in 189573.3ms (Views: 1.2ms | ActiveRecord: 0.0ms)


Started GET "/api/v1/twitter_login" for 127.0.0.1 at 2018-09-11 17:40:33 +0530

ActionController::RoutingError (No route matches [GET] "/api/v1/twitter_login"):
  actionpack (3.2.22) lib/action_dispatch/middleware/debug_exceptions.rb:21:in `call'
  actionpack (3.2.22) lib/action_dispatch/middleware/show_exceptions.rb:56:in `call'
  railties (3.2.22) lib/rails/rack/logger.rb:32:in `call_app'
  railties (3.2.22) lib/rails/rack/logger.rb:16:in `block in call'
  activesupport (3.2.22) lib/active_support/tagged_logging.rb:22:in `tagged'
  railties (3.2.22) lib/rails/rack/logger.rb:16:in `call'
  actionpack (3.2.22) lib/action_dispatch/middleware/request_id.rb:22:in `call'
  rack (1.4.7) lib/rack/methodoverride.rb:21:in `call'
  rack (1.4.7) lib/rack/runtime.rb:17:in `call'
  activesupport (3.2.22) lib/active_support/cache/strategy/local_cache.rb:72:in `call'
  rack (1.4.7) lib/rack/lock.rb:15:in `call'
  actionpack (3.2.22) lib/action_dispatch/middleware/static.rb:83:in `call'
  railties (3.2.22) lib/rails/engine.rb:484:in `call'
  railties (3.2.22) lib/rails/application.rb:231:in `call'
  rack (1.4.7) lib/rack/content_length.rb:14:in `call'
  railties (3.2.22) lib/rails/rack/log_tailer.rb:17:in `call'
  rack (1.4.7) lib/rack/handler/webrick.rb:59:in `service'
  /home/rails/.rvm/rubies/ruby-2.1.10/lib/ruby/2.1.0/webrick/httpserver.rb:138:in `service'
  /home/rails/.rvm/rubies/ruby-2.1.10/lib/ruby/2.1.0/webrick/httpserver.rb:94:in `run'
  /home/rails/.rvm/rubies/ruby-2.1.10/lib/ruby/2.1.0/webrick/server.rb:295:in `block in start_thread'


  Rendered /home/rails/.rvm/gems/ruby-2.1.10/gems/actionpack-3.2.22/lib/action_dispatch/middleware/templates/rescues/routing_error.erb within rescues/layout (2.0ms)
Connecting to database specified by database.yml


Started GET "/api/v1/twitter_login" for 127.0.0.1 at 2018-09-11 17:41:00 +0530
Processing by Api::V1::TwittersController#twitter_login as */*
Completed 200 OK in 662811.9ms (Views: 1.1ms | ActiveRecord: 0.0ms)
Connecting to database specified by database.yml


Started GET "/api/v1/twitter_login" for 127.0.0.1 at 2018-09-11 17:53:11 +0530
Processing by Api::V1::TwittersController#twitter_login as */*
Completed 200 OK in 175389.8ms (Views: 1.5ms | ActiveRecord: 0.0ms)


Started GET "/api/v1/twitter_login" for 127.0.0.1 at 2018-09-11 17:59:51 +0530
Processing by Api::V1::TwittersController#twitter_login as */*
Completed 200 OK in 1097.6ms (Views: 0.9ms | ActiveRecord: 0.0ms)
Connecting to database specified by database.yml


Started GET "/api/v1/twitter_login" for 127.0.0.1 at 2018-09-11 18:00:06 +0530
Processing by Api::V1::TwittersController#twitter_login as */*
Completed 200 OK in 195887.4ms (Views: 1.5ms | ActiveRecord: 0.0ms)
Connecting to database specified by database.yml


Started GET "/api/v1/twitter_login" for 127.0.0.1 at 2018-09-11 18:03:41 +0530
Processing by Api::V1::TwittersController#twitter_login as */*
Completed 401 Unauthorized in 495819.0ms
Connecting to database specified by database.yml


Started GET "/api/v1/twitter_login" for 127.0.0.1 at 2018-09-11 18:12:12 +0530
Processing by Api::V1::TwittersController#twitter_login as */*
Completed 200 OK in 322459.4ms (Views: 1.9ms | ActiveRecord: 0.0ms)
Connecting to database specified by database.yml


Started GET "/api/v1/twitter_login" for 127.0.0.1 at 2018-09-11 18:17:56 +0530

ActionController::RoutingError (undefined method `before_action' for Api::V1::TwittersController:Class):
  app/controllers/api/v1/twitters_controller.rb:4:in `<class:TwittersController>'
  app/controllers/api/v1/twitters_controller.rb:1:in `<top (required)>'


  Rendered /home/rails/.rvm/gems/ruby-2.1.10/gems/actionpack-3.2.22/lib/action_dispatch/middleware/templates/rescues/routing_error.erb within rescues/layout (1.4ms)
Connecting to database specified by database.yml


Started GET "/api/v1/twitter_login" for 127.0.0.1 at 2018-09-11 18:20:05 +0530

ActionController::RoutingError (undefined method `before_action' for Api::V1::TwittersController:Class):
  app/controllers/api/v1/twitters_controller.rb:3:in `<class:TwittersController>'
  app/controllers/api/v1/twitters_controller.rb:1:in `<top (required)>'


  Rendered /home/rails/.rvm/gems/ruby-2.1.10/gems/actionpack-3.2.22/lib/action_dispatch/middleware/templates/rescues/routing_error.erb within rescues/layout (1.3ms)
Connecting to database specified by database.yml


Started GET "/api/v1/twitter_login" for 127.0.0.1 at 2018-09-11 18:21:51 +0530
Processing by Api::V1::TwittersController#twitter_login as */*
Completed 200 OK in 538733.1ms (Views: 1.2ms | ActiveRecord: 0.0ms)


Started GET "/api/v1/twitter_feeds" for 127.0.0.1 at 2018-09-11 18:33:10 +0530
Connecting to database specified by database.yml
Processing by Api::V1::TwittersController#twitter_feeds as */*
Completed 200 OK in 5814.6ms (Views: 39.5ms | ActiveRecord: 0.0ms)


Started GET "/api/v1/twitter_feeds" for 127.0.0.1 at 2018-09-11 18:39:18 +0530
Connecting to database specified by database.yml
Processing by Api::V1::TwittersController#twitter_feeds as */*
Completed 500 Internal Server Error in 43113.1ms

ArgumentError (wrong number of arguments (0 for 1)):
  app/controllers/api/v1/twitters_controller.rb:15:in `tweets_data'
  app/controllers/api/v1/twitters_controller.rb:12:in `twitter_feeds'


  Rendered /home/rails/.rvm/gems/ruby-2.1.10/gems/actionpack-3.2.22/lib/action_dispatch/middleware/templates/rescues/_trace.erb (1.2ms)
  Rendered /home/rails/.rvm/gems/ruby-2.1.10/gems/actionpack-3.2.22/lib/action_dispatch/middleware/templates/rescues/_request_and_response.erb (0.8ms)
  Rendered /home/rails/.rvm/gems/ruby-2.1.10/gems/actionpack-3.2.22/lib/action_dispatch/middleware/templates/rescues/diagnostics.erb within rescues/layout (10.0ms)


Started GET "/api/v1/twitter_feeds" for 127.0.0.1 at 2018-09-11 18:40:08 +0530
Processing by Api::V1::TwittersController#twitter_feeds as */*
Completed 200 OK in 1650.0ms (Views: 5.1ms | ActiveRecord: 0.0ms)


Started GET "/api/v1/twitter_feeds" for 127.0.0.1 at 2018-09-11 18:40:20 +0530
Connecting to database specified by database.yml
Processing by Api::V1::TwittersController#twitter_feeds as */*
Completed 200 OK in 80710.1ms (Views: 3.2ms | ActiveRecord: 0.0ms)


Started GET "/api/v1/twitter_feeds" for 127.0.0.1 at 2018-09-11 18:43:02 +0530
Connecting to database specified by database.yml
Processing by Api::V1::TwittersController#twitter_feeds as */*
Completed 200 OK in 15175.8ms (Views: 13.1ms | ActiveRecord: 0.0ms)


Started GET "/api/v1/twitter_feeds" for 127.0.0.1 at 2018-09-11 18:50:16 +0530
Processing by Api::V1::TwittersController#twitter_feeds as */*
Completed 200 OK in 2107.4ms (Views: 0.8ms | ActiveRecord: 0.0ms)


Started GET "/api/v1/twitter_feeds" for 127.0.0.1 at 2018-09-11 18:50:50 +0530

SyntaxError (/home/rails/TestApi/app/controllers/api/v1/twitters_controller.rb:17: syntax error, unexpected ':', expecting =>
        data << { "#{index}": tweet.full_text }
                             ^
/home/rails/TestApi/app/controllers/api/v1/twitters_controller.rb:17: syntax error, unexpected '}', expecting keyword_end
/home/rails/TestApi/app/controllers/api/v1/twitters_controller.rb:22: syntax error, unexpected end-of-input, expecting keyword_end):
  activesupport (3.2.22) lib/active_support/dependencies.rb:469:in `load'
  activesupport (3.2.22) lib/active_support/dependencies.rb:469:in `block in load_file'
  activesupport (3.2.22) lib/active_support/dependencies.rb:639:in `new_constants_in'
  activesupport (3.2.22) lib/active_support/dependencies.rb:468:in `load_file'
  activesupport (3.2.22) lib/active_support/dependencies.rb:353:in `require_or_load'
  activesupport (3.2.22) lib/active_support/dependencies.rb:502:in `load_missing_constant'
  activesupport (3.2.22) lib/active_support/dependencies.rb:192:in `block in const_missing'
  activesupport (3.2.22) lib/active_support/dependencies.rb:190:in `each'
  activesupport (3.2.22) lib/active_support/dependencies.rb:190:in `const_missing'
  activesupport (3.2.22) lib/active_support/inflector/methods.rb:230:in `block in constantize'
  activesupport (3.2.22) lib/active_support/inflector/methods.rb:229:in `each'
  activesupport (3.2.22) lib/active_support/inflector/methods.rb:229:in `constantize'
  activesupport (3.2.22) lib/active_support/dependencies.rb:554:in `get'
  actionpack (3.2.22) lib/action_dispatch/routing/route_set.rb:69:in `controller_reference'
  actionpack (3.2.22) lib/action_dispatch/routing/route_set.rb:54:in `controller'
  actionpack (3.2.22) lib/action_dispatch/routing/route_set.rb:32:in `call'
  journey (1.0.4) lib/journey/router.rb:68:in `block in call'
  journey (1.0.4) lib/journey/router.rb:56:in `each'
  journey (1.0.4) lib/journey/router.rb:56:in `call'
  actionpack (3.2.22) lib/action_dispatch/routing/route_set.rb:608:in `call'
  actionpack (3.2.22) lib/action_dispatch/middleware/best_standards_support.rb:17:in `call'
  rack (1.4.7) lib/rack/etag.rb:23:in `call'
  rack (1.4.7) lib/rack/conditionalget.rb:25:in `call'
  actionpack (3.2.22) lib/action_dispatch/middleware/head.rb:14:in `call'
  actionpack (3.2.22) lib/action_dispatch/middleware/params_parser.rb:21:in `call'
  actionpack (3.2.22) lib/action_dispatch/middleware/flash.rb:242:in `call'
  rack (1.4.7) lib/rack/session/abstract/id.rb:210:in `context'
  rack (1.4.7) lib/rack/session/abstract/id.rb:205:in `call'
  actionpack (3.2.22) lib/action_dispatch/middleware/cookies.rb:341:in `call'
  activerecord (3.2.22) lib/active_record/query_cache.rb:64:in `call'
  activerecord (3.2.22) lib/active_record/connection_adapters/abstract/connection_pool.rb:479:in `call'
  actionpack (3.2.22) lib/action_dispatch/middleware/callbacks.rb:28:in `block in call'
  activesupport (3.2.22) lib/active_support/callbacks.rb:405:in `_run__3996892772179553203__call__2492853758290726177__callbacks'
  activesupport (3.2.22) lib/active_support/callbacks.rb:405:in `__run_callback'
  activesupport (3.2.22) lib/active_support/callbacks.rb:385:in `_run_call_callbacks'
  activesupport (3.2.22) lib/active_support/callbacks.rb:81:in `run_callbacks'
  actionpack (3.2.22) lib/action_dispatch/middleware/callbacks.rb:27:in `call'
  actionpack (3.2.22) lib/action_dispatch/middleware/reloader.rb:65:in `call'
  actionpack (3.2.22) lib/action_dispatch/middleware/remote_ip.rb:31:in `call'
  actionpack (3.2.22) lib/action_dispatch/middleware/debug_exceptions.rb:16:in `call'
  actionpack (3.2.22) lib/action_dispatch/middleware/show_exceptions.rb:56:in `call'
  railties (3.2.22) lib/rails/rack/logger.rb:32:in `call_app'
  railties (3.2.22) lib/rails/rack/logger.rb:16:in `block in call'
  activesupport (3.2.22) lib/active_support/tagged_logging.rb:22:in `tagged'
  railties (3.2.22) lib/rails/rack/logger.rb:16:in `call'
  actionpack (3.2.22) lib/action_dispatch/middleware/request_id.rb:22:in `call'
  rack (1.4.7) lib/rack/methodoverride.rb:21:in `call'
  rack (1.4.7) lib/rack/runtime.rb:17:in `call'
  activesupport (3.2.22) lib/active_support/cache/strategy/local_cache.rb:72:in `call'
  rack (1.4.7) lib/rack/lock.rb:15:in `call'
  actionpack (3.2.22) lib/action_dispatch/middleware/static.rb:83:in `call'
  railties (3.2.22) lib/rails/engine.rb:484:in `call'
  railties (3.2.22) lib/rails/application.rb:231:in `call'
  rack (1.4.7) lib/rack/content_length.rb:14:in `call'
  railties (3.2.22) lib/rails/rack/log_tailer.rb:17:in `call'
  rack (1.4.7) lib/rack/handler/webrick.rb:59:in `service'
  /home/rails/.rvm/rubies/ruby-2.1.10/lib/ruby/2.1.0/webrick/httpserver.rb:138:in `service'
  /home/rails/.rvm/rubies/ruby-2.1.10/lib/ruby/2.1.0/webrick/httpserver.rb:94:in `run'
  /home/rails/.rvm/rubies/ruby-2.1.10/lib/ruby/2.1.0/webrick/server.rb:295:in `block in start_thread'


  Rendered /home/rails/.rvm/gems/ruby-2.1.10/gems/actionpack-3.2.22/lib/action_dispatch/middleware/templates/rescues/_trace.erb (1.1ms)
  Rendered /home/rails/.rvm/gems/ruby-2.1.10/gems/actionpack-3.2.22/lib/action_dispatch/middleware/templates/rescues/_request_and_response.erb (0.9ms)
  Rendered /home/rails/.rvm/gems/ruby-2.1.10/gems/actionpack-3.2.22/lib/action_dispatch/middleware/templates/rescues/diagnostics.erb within rescues/layout (8.1ms)


Started GET "/api/v1/twitter_feeds" for 127.0.0.1 at 2018-09-11 18:51:20 +0530
Processing by Api::V1::TwittersController#twitter_feeds as */*
Completed 200 OK in 2048.8ms (Views: 2.1ms | ActiveRecord: 0.0ms)


Started GET "/api/v1/twitter_feeds" for 127.0.0.1 at 2018-09-11 18:52:49 +0530
Processing by Api::V1::TwittersController#twitter_feeds as */*
Completed 200 OK in 1922.3ms (Views: 0.8ms | ActiveRecord: 0.0ms)


Started GET "/api/v1/twitter_feeds" for 127.0.0.1 at 2018-09-11 18:53:47 +0530
Processing by Api::V1::TwittersController#twitter_feeds as */*
Completed 200 OK in 2125.5ms (Views: 1.2ms | ActiveRecord: 0.0ms)


Started GET "/api/v1/twitter_feeds" for 127.0.0.1 at 2018-09-11 18:55:01 +0530
Processing by Api::V1::TwittersController#twitter_feeds as */*
Completed 200 OK in 2081.0ms (Views: 3.8ms | ActiveRecord: 0.0ms)


Started GET "/api/v1/twitter_feeds" for 127.0.0.1 at 2018-09-11 18:56:42 +0530
Processing by Api::V1::TwittersController#twitter_feeds as */*
Completed 200 OK in 1888.0ms (Views: 1.3ms | ActiveRecord: 0.0ms)


Started GET "/api/v1/twitter_feeds" for 127.0.0.1 at 2018-09-11 19:00:23 +0530
Processing by Api::V1::TwittersController#twitter_feeds as */*
Completed 500 Internal Server Error in 2104.9ms

NoMethodError (private method `entities' called for #<Twitter::Tweet id=1039506348499783680>):
  app/controllers/api/v1/twitters_controller.rb:19:in `block in tweets_data'
  app/controllers/api/v1/twitters_controller.rb:16:in `each'
  app/controllers/api/v1/twitters_controller.rb:16:in `tweets_data'
  app/controllers/api/v1/twitters_controller.rb:11:in `twitter_feeds'


  Rendered /home/rails/.rvm/gems/ruby-2.1.10/gems/actionpack-3.2.22/lib/action_dispatch/middleware/templates/rescues/_trace.erb (1.0ms)
  Rendered /home/rails/.rvm/gems/ruby-2.1.10/gems/actionpack-3.2.22/lib/action_dispatch/middleware/templates/rescues/_request_and_response.erb (0.8ms)
  Rendered /home/rails/.rvm/gems/ruby-2.1.10/gems/actionpack-3.2.22/lib/action_dispatch/middleware/templates/rescues/diagnostics.erb within rescues/layout (6.7ms)


Started GET "/api/v1/twitter_feeds" for 127.0.0.1 at 2018-09-11 19:01:28 +0530
Processing by Api::V1::TwittersController#twitter_feeds as */*
Completed 200 OK in 2046.3ms (Views: 2.0ms | ActiveRecord: 0.0ms)


Started GET "/api/v1/twitter_feeds" for 127.0.0.1 at 2018-09-11 19:04:33 +0530
Processing by Api::V1::TwittersController#twitter_feeds as */*
Completed   in 121163.8ms


Started GET "/api/v1/twitter_feeds?consumer_key=uJ6LD4ah9ghUpcakMSSkqcw7N&consumer_secret=QcyvGVv2oBYkvztetLf1ip21R6J1aMqOlsd5hvuoft1HDtVw8f&access_token=4834942060-ZH4hsRUIlkNyxeIg1BVSGQL6wLL1nFdyfVovNWs&access_token_secret=50eRVI7Bi9ewE3j7sJV4KEgPAu89ExNGlNMAUFGCqbv9o" for 127.0.0.1 at 2018-09-11 19:06:44 +0530
Connecting to database specified by database.yml
Processing by Api::V1::TwittersController#twitter_feeds as */*
  Parameters: {"consumer_key"=>"uJ6LD4ah9ghUpcakMSSkqcw7N", "consumer_secret"=>"QcyvGVv2oBYkvztetLf1ip21R6J1aMqOlsd5hvuoft1HDtVw8f", "access_token"=>"4834942060-ZH4hsRUIlkNyxeIg1BVSGQL6wLL1nFdyfVovNWs", "access_token_secret"=>"50eRVI7Bi9ewE3j7sJV4KEgPAu89ExNGlNMAUFGCqbv9o"}
Completed   in 158062.2ms


Started GET "/api/v1/twitter_feeds?consumer_key=uJ6LD4ah9ghUpcakMSSkqcw7N&consumer_secret=QcyvGVv2oBYkvztetLf1ip21R6J1aMqOlsd5hvuoft1HDtVw8f&access_token=4834942060-ZH4hsRUIlkNyxeIg1BVSGQL6wLL1nFdyfVovNWs&access_token_secret=50eRVI7Bi9ewE3j7sJV4KEgPAu89ExNGlNMAUFGCqbv9o" for 127.0.0.1 at 2018-09-11 19:09:39 +0530
Connecting to database specified by database.yml
Processing by Api::V1::TwittersController#twitter_feeds as */*
  Parameters: {"consumer_key"=>"uJ6LD4ah9ghUpcakMSSkqcw7N", "consumer_secret"=>"QcyvGVv2oBYkvztetLf1ip21R6J1aMqOlsd5hvuoft1HDtVw8f", "access_token"=>"4834942060-ZH4hsRUIlkNyxeIg1BVSGQL6wLL1nFdyfVovNWs", "access_token_secret"=>"50eRVI7Bi9ewE3j7sJV4KEgPAu89ExNGlNMAUFGCqbv9o"}
Completed 200 OK in 3541.6ms (Views: 1.5ms | ActiveRecord: 0.0ms)


Started POST "/api/v1/twitter_feeds?consumer_key=uJ6LD4ah9ghUpcakMSSkqcw7N&consumer_secret=QcyvGVv2oBYkvztetLf1ip21R6J1aMqOlsd5hvuoft1HDtVw8f&access_token=4834942060-ZH4hsRUIlkNyxeIg1BVSGQL6wLL1nFdyfVovNWs&access_token_secret=50eRVI7Bi9ewE3j7sJV4KEgPAu89ExNGlNMAUFGCqbv9o" for 127.0.0.1 at 2018-09-11 19:10:47 +0530
Processing by Api::V1::TwittersController#twitter_feeds as */*
  Parameters: {"consumer_key"=>"uJ6LD4ah9ghUpcakMSSkqcw7N", "consumer_secret"=>"QcyvGVv2oBYkvztetLf1ip21R6J1aMqOlsd5hvuoft1HDtVw8f", "access_token"=>"4834942060-ZH4hsRUIlkNyxeIg1BVSGQL6wLL1nFdyfVovNWs", "access_token_secret"=>"50eRVI7Bi9ewE3j7sJV4KEgPAu89ExNGlNMAUFGCqbv9o"}
WARNING: Can't verify CSRF token authenticity
Completed 200 OK in 6316.3ms (Views: 2.0ms | ActiveRecord: 0.0ms)


Started GET "/api/v1/twitter_feeds?consumer_key=uJ6LD4ah9ghUpcakMSSkqcw7N&consumer_secret=QcyvGVv2oBYkvztetLf1ip21R6J1aMqOlsd5hvuoft1HDtVw8f&access_token=4834942060-ZH4hsRUIlkNyxeIg1BVSGQL6wLL1nFdyfVovNWs&access_token_secret=50eRVI7Bi9ewE3j7sJV4KEgPAu89ExNGlNMAUFGCqbv9o&start_date=2018-09-09&end_date=2018-09-11" for 127.0.0.1 at 2018-09-11 22:39:56 +0530
Processing by Api::V1::TwittersController#twitter_feeds as */*
  Parameters: {"consumer_key"=>"uJ6LD4ah9ghUpcakMSSkqcw7N", "consumer_secret"=>"QcyvGVv2oBYkvztetLf1ip21R6J1aMqOlsd5hvuoft1HDtVw8f", "access_token"=>"4834942060-ZH4hsRUIlkNyxeIg1BVSGQL6wLL1nFdyfVovNWs", "access_token_secret"=>"50eRVI7Bi9ewE3j7sJV4KEgPAu89ExNGlNMAUFGCqbv9o", "start_date"=>"2018-09-09", "end_date"=>"2018-09-11"}
Completed 500 Internal Server Error in 143900.7ms

ArgumentError (comparison of Date with String failed):
  app/controllers/api/v1/twitters_controller.rb:23:in `>'
  app/controllers/api/v1/twitters_controller.rb:23:in `block in tweets_data'
  app/controllers/api/v1/twitters_controller.rb:21:in `each'
  app/controllers/api/v1/twitters_controller.rb:21:in `tweets_data'
  app/controllers/api/v1/twitters_controller.rb:15:in `twitter_feeds'


  Rendered /home/rails/.rvm/gems/ruby-2.1.10/gems/actionpack-3.2.22/lib/action_dispatch/middleware/templates/rescues/_trace.erb (1.3ms)
  Rendered /home/rails/.rvm/gems/ruby-2.1.10/gems/actionpack-3.2.22/lib/action_dispatch/middleware/templates/rescues/_request_and_response.erb (0.9ms)
  Rendered /home/rails/.rvm/gems/ruby-2.1.10/gems/actionpack-3.2.22/lib/action_dispatch/middleware/templates/rescues/diagnostics.erb within rescues/layout (8.7ms)


Started GET "/api/v1/twitter_feeds?consumer_key=uJ6LD4ah9ghUpcakMSSkqcw7N&consumer_secret=QcyvGVv2oBYkvztetLf1ip21R6J1aMqOlsd5hvuoft1HDtVw8f&access_token=4834942060-ZH4hsRUIlkNyxeIg1BVSGQL6wLL1nFdyfVovNWs&access_token_secret=50eRVI7Bi9ewE3j7sJV4KEgPAu89ExNGlNMAUFGCqbv9o&start_date=2018-09-09&end_date=2018-09-11" for 127.0.0.1 at 2018-09-11 22:42:43 +0530
Connecting to database specified by database.yml
Processing by Api::V1::TwittersController#twitter_feeds as */*
  Parameters: {"consumer_key"=>"uJ6LD4ah9ghUpcakMSSkqcw7N", "consumer_secret"=>"QcyvGVv2oBYkvztetLf1ip21R6J1aMqOlsd5hvuoft1HDtVw8f", "access_token"=>"4834942060-ZH4hsRUIlkNyxeIg1BVSGQL6wLL1nFdyfVovNWs", "access_token_secret"=>"50eRVI7Bi9ewE3j7sJV4KEgPAu89ExNGlNMAUFGCqbv9o", "start_date"=>"2018-09-09", "end_date"=>"2018-09-11"}
Completed 200 OK in 2577.6ms (Views: 3.3ms | ActiveRecord: 0.0ms)
